<?xml version="1.0" encoding="UTF-8"?>
<testng-results ignored="0" total="1" passed="1" failed="0" skipped="0">
  <reporter-output>
  </reporter-output>
  <suite started-at="2026-04-16T23:40:05 IST" name="Default suite" finished-at="2026-04-16T23:40:25 IST" duration-ms="20126">
    <groups>
    </groups>
    <test started-at="2026-04-16T23:40:05 IST" name="Default test" finished-at="2026-04-16T23:40:25 IST" duration-ms="20126">
      <class name="Com.DemoWebShop_TestScripts.TC_001_Verify_User_is_able_to_add_address_or_not_Test">
        <test-method is-config="true" signature="bs()[pri:0, instance:Com.DemoWebShop_TestScripts.TC_001_Verify_User_is_able_to_add_address_or_not_Test@74e52ef6]" started-at="2026-04-16T23:40:05 IST" name="bs" finished-at="2026-04-16T23:40:05 IST" duration-ms="8" status="PASS">
          <reporter-output>
          </reporter-output>
        </test-method> <!-- bs -->
        <test-method is-config="true" signature="bt()[pri:0, instance:Com.DemoWebShop_TestScripts.TC_001_Verify_User_is_able_to_add_address_or_not_Test@74e52ef6]" started-at="2026-04-16T23:40:05 IST" name="bt" finished-at="2026-04-16T23:40:06 IST" duration-ms="183" status="PASS">
          <reporter-output>
          </reporter-output>
        </test-method> <!-- bt -->
        <test-method is-config="true" signature="bc()[pri:0, instance:Com.DemoWebShop_TestScripts.TC_001_Verify_User_is_able_to_add_address_or_not_Test@74e52ef6]" started-at="2026-04-16T23:40:06 IST" name="bc" finished-at="2026-04-16T23:40:10 IST" duration-ms="4020" status="PASS">
          <reporter-output>
          </reporter-output>
        </test-method> <!-- bc -->
        <test-method is-config="true" signature="bm()[pri:0, instance:Com.DemoWebShop_TestScripts.TC_001_Verify_User_is_able_to_add_address_or_not_Test@74e52ef6]" started-at="2026-04-16T23:40:10 IST" name="bm" finished-at="2026-04-16T23:40:11 IST" duration-ms="1474" status="PASS">
          <reporter-output>
          </reporter-output>
        </test-method> <!-- bm -->
        <test-method signature="addAddress()[pri:0, instance:Com.DemoWebShop_TestScripts.TC_001_Verify_User_is_able_to_add_address_or_not_Test@74e52ef6]" started-at="2026-04-16T23:40:11 IST" name="addAddress" finished-at="2026-04-16T23:40:21 IST" duration-ms="10174" status="PASS">
          <reporter-output>
          </reporter-output>
        </test-method> <!-- addAddress -->
        <test-method is-config="true" signature="am()[pri:0, instance:Com.DemoWebShop_TestScripts.TC_001_Verify_User_is_able_to_add_address_or_not_Test@74e52ef6]" started-at="2026-04-16T23:40:21 IST" name="am" finished-at="2026-04-16T23:40:22 IST" duration-ms="771" status="PASS">
          <reporter-output>
          </reporter-output>
        </test-method> <!-- am -->
        <test-method is-config="true" signature="ac()[pri:0, instance:Com.DemoWebShop_TestScripts.TC_001_Verify_User_is_able_to_add_address_or_not_Test@74e52ef6]" started-at="2026-04-16T23:40:22 IST" name="ac" finished-at="2026-04-16T23:40:25 IST" duration-ms="3256" status="PASS">
          <reporter-output>
          </reporter-output>
        </test-method> <!-- ac -->
        <test-method is-config="true" signature="at()[pri:0, instance:Com.DemoWebShop_TestScripts.TC_001_Verify_User_is_able_to_add_address_or_not_Test@74e52ef6]" started-at="2026-04-16T23:40:25 IST" name="at" finished-at="2026-04-16T23:40:25 IST" duration-ms="205" status="PASS">
          <reporter-output>
          </reporter-output>
        </test-method> <!-- at -->
        <test-method is-config="true" signature="as()[pri:0, instance:Com.DemoWebShop_TestScripts.TC_001_Verify_User_is_able_to_add_address_or_not_Test@74e52ef6]" started-at="2026-04-16T23:40:26 IST" name="as" finished-at="2026-04-16T23:40:26 IST" duration-ms="1" status="PASS">
          <reporter-output>
          </reporter-output>
        </test-method> <!-- as -->
      </class> <!-- Com.DemoWebShop_TestScripts.TC_001_Verify_User_is_able_to_add_address_or_not_Test -->
    </test> <!-- Default test -->
  </suite> <!-- Default suite -->
</testng-results>
