<?xml version="1.0" encoding="UTF-8"?>
<!-- Generated by org.testng.reporters.JUnitReportReporter -->
<testsuite hostname="SATHESH" failures="0" tests="1" name="Com.DemoWebShop_TestScripts.TC_001_Verify_User_is_able_to_add_address_or_not_Test" time="12.419" errors="0" timestamp="2026-04-16T23:40:26 IST" skipped="0">
  <testcase classname="Com.DemoWebShop_TestScripts.TC_001_Verify_User_is_able_to_add_address_or_not_Test" name="addAddress" time="12.419"/>
</testsuite> <!-- Com.DemoWebShop_TestScripts.TC_001_Verify_User_is_able_to_add_address_or_not_Test -->
